CMake Deprecation Warning at CMakeLists.txt:2 (cmake_minimum_required):
  Compatibility with CMake < 3.5 will be removed from a future version of
  CMake.

  Update the VERSION argument <min> value or use a ...<max> suffix to tell
  CMake that the project does not need compatibility with older versions.


-- The C compiler identification is GNU 13.3.0
-- Detecting C compiler ABI info
-- Detecting C compiler ABI info - done
-- Check for working C compiler: /usr/bin/cc - skipped
-- Detecting C compile features
-- Detecting C compile features - done
-- Performing Test FLAG_SUPPORTED_stdc89
-- Performing Test FLAG_SUPPORTED_stdc89 - Success
-- Performing Test FLAG_SUPPORTED_pedantic
-- Performing Test FLAG_SUPPORTED_pedantic - Success
-- Performing Test FLAG_SUPPORTED_Wall
-- Performing Test FLAG_SUPPORTED_Wall - Success
-- Performing Test FLAG_SUPPORTED_Wextra
-- Performing Test FLAG_SUPPORTED_Wextra - Success
-- Performing Test FLAG_SUPPORTED_Werror
-- Performing Test FLAG_SUPPORTED_Werror - Success
-- Performing Test FLAG_SUPPORTED_Wstrictprototypes
-- Performing Test FLAG_SUPPORTED_Wstrictprototypes - Success
-- Performing Test FLAG_SUPPORTED_Wwritestrings
-- Performing Test FLAG_SUPPORTED_Wwritestrings - Success
-- Performing Test FLAG_SUPPORTED_Wshadow
-- Performing Test FLAG_SUPPORTED_Wshadow - Success
-- Performing Test FLAG_SUPPORTED_Winitself
-- Performing Test FLAG_SUPPORTED_Winitself - Success
-- Performing Test FLAG_SUPPORTED_Wcastalign
-- Performing Test FLAG_SUPPORTED_Wcastalign - Success
-- Performing Test FLAG_SUPPORTED_Wformat2
-- Performing Test FLAG_SUPPORTED_Wformat2 - Success
-- Performing Test FLAG_SUPPORTED_Wmissingprototypes
-- Performing Test FLAG_SUPPORTED_Wmissingprototypes - Success
-- Performing Test FLAG_SUPPORTED_Wstrictoverflow2
-- Performing Test FLAG_SUPPORTED_Wstrictoverflow2 - Success
-- Performing Test FLAG_SUPPORTED_Wcastqual
-- Performing Test FLAG_SUPPORTED_Wcastqual - Success
-- Performing Test FLAG_SUPPORTED_Wundef
-- Performing Test FLAG_SUPPORTED_Wundef - Success
-- Performing Test FLAG_SUPPORTED_Wswitchdefault
-- Performing Test FLAG_SUPPORTED_Wswitchdefault - Success
-- Performing Test FLAG_SUPPORTED_Wconversion
-- Performing Test FLAG_SUPPORTED_Wconversion - Success
-- Performing Test FLAG_SUPPORTED_Wccompat
-- Performing Test FLAG_SUPPORTED_Wccompat - Success
-- Performing Test FLAG_SUPPORTED_fstackprotectorstrong
-- Performing Test FLAG_SUPPORTED_fstackprotectorstrong - Success
-- Performing Test FLAG_SUPPORTED_Wcomma
-- Performing Test FLAG_SUPPORTED_Wcomma - Failed
-- Performing Test FLAG_SUPPORTED_Wdoublepromotion
-- Performing Test FLAG_SUPPORTED_Wdoublepromotion - Success
-- Performing Test FLAG_SUPPORTED_Wparentheses
-- Performing Test FLAG_SUPPORTED_Wparentheses - Success
-- Performing Test FLAG_SUPPORTED_Wformatoverflow
-- Performing Test FLAG_SUPPORTED_Wformatoverflow - Success
-- Performing Test FLAG_SUPPORTED_Wunusedmacros
-- Performing Test FLAG_SUPPORTED_Wunusedmacros - Success
-- Performing Test FLAG_SUPPORTED_Wmissingvariabledeclarations
-- Performing Test FLAG_SUPPORTED_Wmissingvariabledeclarations - Failed
-- Performing Test FLAG_SUPPORTED_Wusedbutmarkedunused
-- Performing Test FLAG_SUPPORTED_Wusedbutmarkedunused - Failed
-- Performing Test FLAG_SUPPORTED_Wswitchenum
-- Performing Test FLAG_SUPPORTED_Wswitchenum - Success
-- Performing Test FLAG_SUPPORTED_fvisibilityhidden
-- Performing Test FLAG_SUPPORTED_fvisibilityhidden - Success
-- Configuring done (11.0s)
-- Generating done (0.0s)
-- Build files have been written to: /home/zrd/winter_practice/cJSON/build
